<?xml version="1.0" encoding="UTF-8"?>
<testsuite name="com.example.kursovikkmp.feature.auth.signup.SignUpViewModelTest" tests="47" skipped="0" failures="0" errors="0" timestamp="2026-02-15T01:07:44" hostname="MacBook-Pro-Dmitrij-3.local" time="0.412">
  <properties/>
  <testcase name="formValidation_whenFirstNameTooShort_isFormValidIsFalse" classname="com.example.kursovikkmp.feature.auth.signup.SignUpViewModelTest" time="0.2"/>
  <testcase name="formValidation_whenLastNameTooShort_isFormValidIsFalse" classname="com.example.kursovikkmp.feature.auth.signup.SignUpViewModelTest" time="0.005"/>
  <testcase name="lastNameChanged_updatesLastNameField" classname="com.example.kursovikkmp.feature.auth.signup.SignUpViewModelTest" time="0.002"/>
  <testcase name="lastNameChanged_updatesLastNameValue" classname="com.example.kursovikkmp.feature.auth.signup.SignUpViewModelTest" time="0.003"/>
  <testcase name="formValidation_whenFirstNameTooShort_buttonIsDisabled" classname="com.example.kursovikkmp.feature.auth.signup.SignUpViewModelTest" time="0.005"/>
  <testcase name="cityChanged_updatesCityField" classname="com.example.kursovikkmp.feature.auth.signup.SignUpViewModelTest" time="0.003"/>
  <testcase name="cityChanged_updatesCityValue" classname="com.example.kursovikkmp.feature.auth.signup.SignUpViewModelTest" time="0.002"/>
  <testcase name="createAccountTapped_whenFails_setsErrorTextState" classname="com.example.kursovikkmp.feature.auth.signup.SignUpViewModelTest" time="0.012"/>
  <testcase name="phoneChanged_updatesPhoneField" classname="com.example.kursovikkmp.feature.auth.signup.SignUpViewModelTest" time="0.002"/>
  <testcase name="stateFlow_onFieldChange_updatesFirstName" classname="com.example.kursovikkmp.feature.auth.signup.SignUpViewModelTest" time="0.001"/>
  <testcase name="createAccountTapped_whenFails_doesNotNavigate" classname="com.example.kursovikkmp.feature.auth.signup.SignUpViewModelTest" time="0.012"/>
  <testcase name="navigationFlow_onSuccessfulCreation_emitsNavigateToPin" classname="com.example.kursovikkmp.feature.auth.signup.SignUpViewModelTest" time="0.018"/>
  <testcase name="formValidation_whenPhoneEmpty_isFormValidIsFalse" classname="com.example.kursovikkmp.feature.auth.signup.SignUpViewModelTest" time="0.006"/>
  <testcase name="formValidation_whenAllFieldsValid_isFormValidIsTrue" classname="com.example.kursovikkmp.feature.auth.signup.SignUpViewModelTest" time="0.003"/>
  <testcase name="formValidation_whenCountryEmpty_isFormValidIsFalse" classname="com.example.kursovikkmp.feature.auth.signup.SignUpViewModelTest" time="0.003"/>
  <testcase name="state_initialState_isFormValidIsFalse" classname="com.example.kursovikkmp.feature.auth.signup.SignUpViewModelTest" time="0.002"/>
  <testcase name="state_afterSuccessfulCreation_isLoadingIsFalse" classname="com.example.kursovikkmp.feature.auth.signup.SignUpViewModelTest" time="0.006"/>
  <testcase name="state_whenAccountCreationStarts_isLoadingBecomesTrue" classname="com.example.kursovikkmp.feature.auth.signup.SignUpViewModelTest" time="0.014"/>
  <testcase name="createAccountTapped_whenFormValid_passesCorrectData" classname="com.example.kursovikkmp.feature.auth.signup.SignUpViewModelTest" time="0.005"/>
  <testcase name="phoneChanged_whenPhoneContainsNonDigits_filtersToDigitsOnly" classname="com.example.kursovikkmp.feature.auth.signup.SignUpViewModelTest" time="0.002"/>
  <testcase name="formValidation_whenCityEmpty_isFormValidIsFalse" classname="com.example.kursovikkmp.feature.auth.signup.SignUpViewModelTest" time="0.009"/>
  <testcase name="phoneChanged_whenPhoneExceeds15Digits_truncatesTo15Digits" classname="com.example.kursovikkmp.feature.auth.signup.SignUpViewModelTest" time="0.004"/>
  <testcase name="emailChanged_updatesEmailField" classname="com.example.kursovikkmp.feature.auth.signup.SignUpViewModelTest" time="0.003"/>
  <testcase name="emailChanged_updatesEmailValue" classname="com.example.kursovikkmp.feature.auth.signup.SignUpViewModelTest" time="0.002"/>
  <testcase name="state_afterFailedCreation_isLoadingIsFalse" classname="com.example.kursovikkmp.feature.auth.signup.SignUpViewModelTest" time="0.003"/>
  <testcase name="state_initialState_lastNameIsEmpty" classname="com.example.kursovikkmp.feature.auth.signup.SignUpViewModelTest" time="0.001"/>
  <testcase name="state_afterSuccessfulCreation_errorMessageIsNull" classname="com.example.kursovikkmp.feature.auth.signup.SignUpViewModelTest" time="0.003"/>
  <testcase name="createAccountTapped_whenFormValid_callsAuthService" classname="com.example.kursovikkmp.feature.auth.signup.SignUpViewModelTest" time="0.005"/>
  <testcase name="state_initialState_firstNameIsEmpty" classname="com.example.kursovikkmp.feature.auth.signup.SignUpViewModelTest" time="0.001"/>
  <testcase name="countryChanged_updatesCountryField" classname="com.example.kursovikkmp.feature.auth.signup.SignUpViewModelTest" time="0.003"/>
  <testcase name="countryChanged_updatesCountryValue" classname="com.example.kursovikkmp.feature.auth.signup.SignUpViewModelTest" time="0.002"/>
  <testcase name="state_afterFailedCreation_errorMessageIsSet" classname="com.example.kursovikkmp.feature.auth.signup.SignUpViewModelTest" time="0.006"/>
  <testcase name="createAccountTapped_whenSuccess_navigatesToPin" classname="com.example.kursovikkmp.feature.auth.signup.SignUpViewModelTest" time="0.004"/>
  <testcase name="genderChanged_updatesGenderField" classname="com.example.kursovikkmp.feature.auth.signup.SignUpViewModelTest" time="0.003"/>
  <testcase name="genderChanged_updatesGenderValue" classname="com.example.kursovikkmp.feature.auth.signup.SignUpViewModelTest" time="0.003"/>
  <testcase name="formValidation_whenEmailEmpty_isFormValidIsFalse" classname="com.example.kursovikkmp.feature.auth.signup.SignUpViewModelTest" time="0.002"/>
  <testcase name="formValidation_whenGenderEmpty_isFormValidIsFalse" classname="com.example.kursovikkmp.feature.auth.signup.SignUpViewModelTest" time="0.01"/>
  <testcase name="formValidation_whenAllFieldsValid_buttonIsEnabled" classname="com.example.kursovikkmp.feature.auth.signup.SignUpViewModelTest" time="0.006"/>
  <testcase name="firstNameChanged_clearsErrorMessage" classname="com.example.kursovikkmp.feature.auth.signup.SignUpViewModelTest" time="0.005"/>
  <testcase name="state_initialState_isLoadingIsFalse" classname="com.example.kursovikkmp.feature.auth.signup.SignUpViewModelTest" time="0.002"/>
  <testcase name="createAccountTapped_whenFormInvalid_doesNotCallAuthService" classname="com.example.kursovikkmp.feature.auth.signup.SignUpViewModelTest" time="0.003"/>
  <testcase name="birthDateChanged_updatesBirthDateField" classname="com.example.kursovikkmp.feature.auth.signup.SignUpViewModelTest" time="0.002"/>
  <testcase name="birthDateChanged_updatesBirthDateValue" classname="com.example.kursovikkmp.feature.auth.signup.SignUpViewModelTest" time="0.001"/>
  <testcase name="createAccountTapped_whenFails_showsErrorMessage" classname="com.example.kursovikkmp.feature.auth.signup.SignUpViewModelTest" time="0.002"/>
  <testcase name="firstNameChanged_updatesFirstNameField" classname="com.example.kursovikkmp.feature.auth.signup.SignUpViewModelTest" time="0.005"/>
  <testcase name="firstNameChanged_updatesFirstNameValue" classname="com.example.kursovikkmp.feature.auth.signup.SignUpViewModelTest" time="0.002"/>
  <testcase name="backButtonTapped_navigatesBack" classname="com.example.kursovikkmp.feature.auth.signup.SignUpViewModelTest" time="0.005"/>
  <system-out><![CDATA[]]></system-out>
  <system-err><![CDATA[]]></system-err>
</testsuite>
