<?xml version="1.0" encoding="UTF-8"?>
<testsuite name="com.example.kursovikkmp.feature.auth.pin.PinViewModelTest" tests="40" skipped="0" failures="0" errors="0" timestamp="2026-02-15T01:07:45" hostname="MacBook-Pro-Dmitrij-3.local" time="0.096">
  <properties/>
  <testcase name="state_whenVerificationStarts_isLoadingBecomesTrue" classname="com.example.kursovikkmp.feature.auth.pin.PinViewModelTest" time="0.013"/>
  <testcase name="stateFlow_onPinChange_emitsUpdatedValidationState" classname="com.example.kursovikkmp.feature.auth.pin.PinViewModelTest" time="0.002"/>
  <testcase name="state_afterFailedVerification_buttonIsEnabled" classname="com.example.kursovikkmp.feature.auth.pin.PinViewModelTest" time="0.004"/>
  <testcase name="pinChanged_whenPinIsEmpty_isPinValidIsFalse" classname="com.example.kursovikkmp.feature.auth.pin.PinViewModelTest" time="0.001"/>
  <testcase name="pinChanged_whenValidPin_updatesPinFieldState" classname="com.example.kursovikkmp.feature.auth.pin.PinViewModelTest" time="0.002"/>
  <testcase name="state_afterFailedVerification_errorTextStateIsSet" classname="com.example.kursovikkmp.feature.auth.pin.PinViewModelTest" time="0.003"/>
  <testcase name="confirmTapped_whenSuccess_navigatesToMain" classname="com.example.kursovikkmp.feature.auth.pin.PinViewModelTest" time="0.002"/>
  <testcase name="confirmTapped_whenFails_doesNotNavigate" classname="com.example.kursovikkmp.feature.auth.pin.PinViewModelTest" time="0.003"/>
  <testcase name="pinChanged_whenPinExceeds6Digits_truncatesPinTo6Digits" classname="com.example.kursovikkmp.feature.auth.pin.PinViewModelTest" time="0.002"/>
  <testcase name="confirmTapped_whenFails_showsErrorMessage" classname="com.example.kursovikkmp.feature.auth.pin.PinViewModelTest" time="0.001"/>
  <testcase name="state_afterFailedVerification_errorMessageIsSet" classname="com.example.kursovikkmp.feature.auth.pin.PinViewModelTest" time="0.003"/>
  <testcase name="pinChanged_whenInvalidPin_confirmButtonIsDisabled" classname="com.example.kursovikkmp.feature.auth.pin.PinViewModelTest" time="0.001"/>
  <testcase name="pinChanged_whenInvalidPin_updatesPinValue" classname="com.example.kursovikkmp.feature.auth.pin.PinViewModelTest" time="0.001"/>
  <testcase name="pinChanged_afterError_clearsErrorMessage" classname="com.example.kursovikkmp.feature.auth.pin.PinViewModelTest" time="0.001"/>
  <testcase name="state_afterSuccessfulVerification_isLoadingIsFalse" classname="com.example.kursovikkmp.feature.auth.pin.PinViewModelTest" time="0.001"/>
  <testcase name="pinChanged_whenValidPin_updatesPinValue" classname="com.example.kursovikkmp.feature.auth.pin.PinViewModelTest" time="0.005"/>
  <testcase name="confirmTapped_whenPinIsInvalid_doesNotCallAuthService" classname="com.example.kursovikkmp.feature.auth.pin.PinViewModelTest" time="0.001"/>
  <testcase name="pinChanged_whenPinIsEmpty_pinValueIsEmpty" classname="com.example.kursovikkmp.feature.auth.pin.PinViewModelTest" time="0.001"/>
  <testcase name="state_afterFailedVerification_isLoadingIsFalse" classname="com.example.kursovikkmp.feature.auth.pin.PinViewModelTest" time="0.001"/>
  <testcase name="pinChanged_whenPinContainsNonDigits_filtersPinFieldStateToDigitsOnly" classname="com.example.kursovikkmp.feature.auth.pin.PinViewModelTest" time="0.001"/>
  <testcase name="pinChanged_whenInvalidPin_isPinValidIsFalse" classname="com.example.kursovikkmp.feature.auth.pin.PinViewModelTest" time="0.001"/>
  <testcase name="pinChanged_whenPinIsEmpty_pinFieldStateIsEmpty" classname="com.example.kursovikkmp.feature.auth.pin.PinViewModelTest" time="0.002"/>
  <testcase name="pinChanged_whenValidPin_isPinValidIsTrue" classname="com.example.kursovikkmp.feature.auth.pin.PinViewModelTest" time="0.0"/>
  <testcase name="state_afterSuccessfulVerification_errorMessageIsNull" classname="com.example.kursovikkmp.feature.auth.pin.PinViewModelTest" time="0.002"/>
  <testcase name="pinChanged_whenValidPin_errorMessageIsNull" classname="com.example.kursovikkmp.feature.auth.pin.PinViewModelTest" time="0.002"/>
  <testcase name="pinChanged_afterError_clearsErrorTextState" classname="com.example.kursovikkmp.feature.auth.pin.PinViewModelTest" time="0.001"/>
  <testcase name="state_afterSuccessfulVerification_buttonIsEnabled" classname="com.example.kursovikkmp.feature.auth.pin.PinViewModelTest" time="0.001"/>
  <testcase name="stateFlow_onPinChange_emitsUpdatedPin" classname="com.example.kursovikkmp.feature.auth.pin.PinViewModelTest" time="0.004"/>
  <testcase name="pinChanged_whenPinExceeds6Digits_truncatesPinFieldStateTo6Digits" classname="com.example.kursovikkmp.feature.auth.pin.PinViewModelTest" time="0.002"/>
  <testcase name="pinChanged_whenInvalidPin_updatesPinFieldState" classname="com.example.kursovikkmp.feature.auth.pin.PinViewModelTest" time="0.003"/>
  <testcase name="stateFlow_afterVerification_emitsNotLoadingState" classname="com.example.kursovikkmp.feature.auth.pin.PinViewModelTest" time="0.003"/>
  <testcase name="navigationFlow_onSuccessfulVerification_emitsNavigateToMain" classname="com.example.kursovikkmp.feature.auth.pin.PinViewModelTest" time="0.004"/>
  <testcase name="confirmTapped_whenFails_setsErrorTextState" classname="com.example.kursovikkmp.feature.auth.pin.PinViewModelTest" time="0.002"/>
  <testcase name="pinChanged_whenPinContainsNonDigits_filtersPinToDigitsOnly" classname="com.example.kursovikkmp.feature.auth.pin.PinViewModelTest" time="0.002"/>
  <testcase name="state_initialState_hasCorrectDefaults" classname="com.example.kursovikkmp.feature.auth.pin.PinViewModelTest" time="0.0"/>
  <testcase name="confirmTapped_whenPinIsValid_callsAuthService" classname="com.example.kursovikkmp.feature.auth.pin.PinViewModelTest" time="0.002"/>
  <testcase name="pinChanged_whenPinIsEmpty_confirmButtonIsDisabled" classname="com.example.kursovikkmp.feature.auth.pin.PinViewModelTest" time="0.002"/>
  <testcase name="pinChanged_whenValidPin_confirmButtonIsEnabled" classname="com.example.kursovikkmp.feature.auth.pin.PinViewModelTest" time="0.005"/>
  <testcase name="pinChanged_whenValidPin_errorTextStateIsNull" classname="com.example.kursovikkmp.feature.auth.pin.PinViewModelTest" time="0.001"/>
  <testcase name="state_whenVerificationStarts_buttonBecomesDisabled" classname="com.example.kursovikkmp.feature.auth.pin.PinViewModelTest" time="0.003"/>
  <system-out><![CDATA[]]></system-out>
  <system-err><![CDATA[]]></system-err>
</testsuite>
