<?xml version="1.0" encoding="UTF-8"?>
<testsuite name="com.example.kursovikkmp.feature.auth.login.LoginViewModelTest" tests="44" skipped="0" failures="0" errors="0" timestamp="2026-02-15T06:50:54" hostname="MacBook-Pro-Dmitrij-3.local" time="0.335">
  <properties/>
  <testcase name="phoneChanged_whenPhoneIsEmpty_phoneFieldStateIsEmpty" classname="com.example.kursovikkmp.feature.auth.login.LoginViewModelTest" time="0.161"/>
  <testcase name="state_afterSuccessfulLogin_buttonIsEnabled" classname="com.example.kursovikkmp.feature.auth.login.LoginViewModelTest" time="0.012"/>
  <testcase name="phoneChanged_whenPhoneContainsNonDigits_filtersPhoneFieldStateToDigitsOnly" classname="com.example.kursovikkmp.feature.auth.login.LoginViewModelTest" time="0.004"/>
  <testcase name="phoneChanged_whenValidPhone_updatesPhoneValue" classname="com.example.kursovikkmp.feature.auth.login.LoginViewModelTest" time="0.004"/>
  <testcase name="phoneChanged_whenInvalidPhone_confirmButtonIsDisabled" classname="com.example.kursovikkmp.feature.auth.login.LoginViewModelTest" time="0.003"/>
  <testcase name="state_afterFailedLogin_isLoadingIsFalse" classname="com.example.kursovikkmp.feature.auth.login.LoginViewModelTest" time="0.005"/>
  <testcase name="state_afterFailedLogin_errorTextStateIsSet" classname="com.example.kursovikkmp.feature.auth.login.LoginViewModelTest" time="0.003"/>
  <testcase name="state_whenLoginStarts_buttonBecomesDisabled" classname="com.example.kursovikkmp.feature.auth.login.LoginViewModelTest" time="0.023"/>
  <testcase name="phoneChanged_whenValidPhone_errorTextStateIsNull" classname="com.example.kursovikkmp.feature.auth.login.LoginViewModelTest" time="0.002"/>
  <testcase name="state_buttonEnabled_afterSuccessfulLogin_buttonEnabled" classname="com.example.kursovikkmp.feature.auth.login.LoginViewModelTest" time="0.003"/>
  <testcase name="stateFlow_onPhoneChange_emitsUpdatedValidationState" classname="com.example.kursovikkmp.feature.auth.login.LoginViewModelTest" time="0.006"/>
  <testcase name="phoneChanged_whenPhoneExceeds15Digits_truncatesPhoneTo15Digits" classname="com.example.kursovikkmp.feature.auth.login.LoginViewModelTest" time="0.003"/>
  <testcase name="state_afterFailedLogin_errorMessageIsSet" classname="com.example.kursovikkmp.feature.auth.login.LoginViewModelTest" time="0.003"/>
  <testcase name="phoneChanged_whenValidPhone_confirmButtonIsEnabled" classname="com.example.kursovikkmp.feature.auth.login.LoginViewModelTest" time="0.004"/>
  <testcase name="phoneChanged_whenPhoneContainsNonDigits_filtersPhoneToDigitsOnly" classname="com.example.kursovikkmp.feature.auth.login.LoginViewModelTest" time="0.003"/>
  <testcase name="state_buttonEnabled_whenPhoneIsValid_buttonEnabled" classname="com.example.kursovikkmp.feature.auth.login.LoginViewModelTest" time="0.004"/>
  <testcase name="navigationFlow_onSignUpButtonTapped_emitsNavigateToSignUp" classname="com.example.kursovikkmp.feature.auth.login.LoginViewModelTest" time="0.005"/>
  <testcase name="navigationFlow_onSuccessfulLogin_emitsNavigateToPin" classname="com.example.kursovikkmp.feature.auth.login.LoginViewModelTest" time="0.004"/>
  <testcase name="state_afterSuccessfulLogin_isLoadingIsFalse" classname="com.example.kursovikkmp.feature.auth.login.LoginViewModelTest" time="0.001"/>
  <testcase name="phoneChanged_whenInvalidPhone_isPhoneValidIsFalse" classname="com.example.kursovikkmp.feature.auth.login.LoginViewModelTest" time="0.001"/>
  <testcase name="signUpButtonTapped_navigatesToSignUp" classname="com.example.kursovikkmp.feature.auth.login.LoginViewModelTest" time="0.002"/>
  <testcase name="stateFlow_onPhoneChange_emitsUpdatedPhone" classname="com.example.kursovikkmp.feature.auth.login.LoginViewModelTest" time="0.003"/>
  <testcase name="state_afterFailedLogin_buttonIsEnabled" classname="com.example.kursovikkmp.feature.auth.login.LoginViewModelTest" time="0.004"/>
  <testcase name="stateFlow_afterLogin_emitsNotLoadingState" classname="com.example.kursovikkmp.feature.auth.login.LoginViewModelTest" time="0.003"/>
  <testcase name="state_afterSuccessfulLogin_errorMessageIsNull" classname="com.example.kursovikkmp.feature.auth.login.LoginViewModelTest" time="0.004"/>
  <testcase name="loginButtonTapped_whenFails_showsErrorMessage" classname="com.example.kursovikkmp.feature.auth.login.LoginViewModelTest" time="0.003"/>
  <testcase name="state_buttonEnabled_whenPhoneIsInvalid_buttonDisabled" classname="com.example.kursovikkmp.feature.auth.login.LoginViewModelTest" time="0.004"/>
  <testcase name="phoneChanged_afterError_clearsErrorTextState" classname="com.example.kursovikkmp.feature.auth.login.LoginViewModelTest" time="0.003"/>
  <testcase name="phoneChanged_whenValidPhone_errorMessageIsNull" classname="com.example.kursovikkmp.feature.auth.login.LoginViewModelTest" time="0.002"/>
  <testcase name="phoneChanged_whenValidPhone_isPhoneValidIsTrue" classname="com.example.kursovikkmp.feature.auth.login.LoginViewModelTest" time="0.007"/>
  <testcase name="state_whenLoginStarts_isLoadingBecomesTrue" classname="com.example.kursovikkmp.feature.auth.login.LoginViewModelTest" time="0.006"/>
  <testcase name="loginButtonTapped_whenPhoneIsInvalid_doesNotCallAuthService" classname="com.example.kursovikkmp.feature.auth.login.LoginViewModelTest" time="0.006"/>
  <testcase name="state_initialState_hasCorrectDefaults" classname="com.example.kursovikkmp.feature.auth.login.LoginViewModelTest" time="0.001"/>
  <testcase name="phoneChanged_whenPhoneIsEmpty_confirmButtonIsDisabled" classname="com.example.kursovikkmp.feature.auth.login.LoginViewModelTest" time="0.002"/>
  <testcase name="phoneChanged_afterError_clearsErrorMessage" classname="com.example.kursovikkmp.feature.auth.login.LoginViewModelTest" time="0.002"/>
  <testcase name="phoneChanged_whenPhoneExceeds15Digits_truncatesPhoneFieldStateTo15Digits" classname="com.example.kursovikkmp.feature.auth.login.LoginViewModelTest" time="0.003"/>
  <testcase name="loginButtonTapped_whenPhoneIsValid_callsAuthService" classname="com.example.kursovikkmp.feature.auth.login.LoginViewModelTest" time="0.001"/>
  <testcase name="phoneChanged_whenPhoneIsEmpty_isPhoneValidIsFalse" classname="com.example.kursovikkmp.feature.auth.login.LoginViewModelTest" time="0.001"/>
  <testcase name="phoneChanged_whenPhoneIsEmpty_phoneValueIsEmpty" classname="com.example.kursovikkmp.feature.auth.login.LoginViewModelTest" time="0.004"/>
  <testcase name="phoneChanged_whenInvalidPhone_updatesPhoneValue" classname="com.example.kursovikkmp.feature.auth.login.LoginViewModelTest" time="0.002"/>
  <testcase name="phoneChanged_whenValidPhone_updatesPhoneFieldState" classname="com.example.kursovikkmp.feature.auth.login.LoginViewModelTest" time="0.002"/>
  <testcase name="phoneChanged_whenInvalidPhone_updatesPhoneFieldState" classname="com.example.kursovikkmp.feature.auth.login.LoginViewModelTest" time="0.001"/>
  <testcase name="loginButtonTapped_whenSuccess_navigatesToPin" classname="com.example.kursovikkmp.feature.auth.login.LoginViewModelTest" time="0.003"/>
  <testcase name="loginButtonTapped_whenFails_doesNotNavigate" classname="com.example.kursovikkmp.feature.auth.login.LoginViewModelTest" time="0.003"/>
  <system-out><![CDATA[]]></system-out>
  <system-err><![CDATA[]]></system-err>
</testsuite>
