<?xml version="1.0" encoding="UTF-8"?>
<testsuite name="com.example.kursovikkmp.feature.fridge.list.FridgeViewModelTest" tests="5" skipped="0" failures="0" errors="0" timestamp="2026-02-15T07:19:31" hostname="MacBook-Pro-Dmitrij-3.local" time="0.019">
  <properties/>
  <testcase name="onRetryClicked_loadsProducts" classname="com.example.kursovikkmp.feature.fridge.list.FridgeViewModelTest" time="0.007"/>
  <testcase name="onRecipeClicked_navigatesToRecipesDetails" classname="com.example.kursovikkmp.feature.fridge.list.FridgeViewModelTest" time="0.004"/>
  <testcase name="onProductClicked_clearsRecommendations" classname="com.example.kursovikkmp.feature.fridge.list.FridgeViewModelTest" time="0.002"/>
  <testcase name="onProductClicked_togglesProductSelection" classname="com.example.kursovikkmp.feature.fridge.list.FridgeViewModelTest" time="0.003"/>
  <testcase name="onProductClicked_whenSelected_enablesRecommendButton" classname="com.example.kursovikkmp.feature.fridge.list.FridgeViewModelTest" time="0.002"/>
  <system-out><![CDATA[]]></system-out>
  <system-err><![CDATA[]]></system-err>
</testsuite>
