<?xml version="1.0" encoding="UTF-8"?>
<testsuite name="com.example.kursovikkmp.feature.profile.ProfileViewModelTest" tests="8" skipped="0" failures="0" errors="0" timestamp="2026-02-15T07:19:31" hostname="MacBook-Pro-Dmitrij-3.local" time="0.018">
  <properties/>
  <testcase name="logoutTapped_callsAuthServiceLogout" classname="com.example.kursovikkmp.feature.profile.ProfileViewModelTest" time="0.003"/>
  <testcase name="logoutTapped_navigatesToLogin" classname="com.example.kursovikkmp.feature.profile.ProfileViewModelTest" time="0.004"/>
  <testcase name="avatarTapped_emitsShowImageSourceDialog" classname="com.example.kursovikkmp.feature.profile.ProfileViewModelTest" time="0.002"/>
  <testcase name="initialState_whenHasSavedProfile_loadsProfileData" classname="com.example.kursovikkmp.feature.profile.ProfileViewModelTest" time="0.003"/>
  <testcase name="initialState_whenNoSavedProfile_loadsMockData" classname="com.example.kursovikkmp.feature.profile.ProfileViewModelTest" time="0.004"/>
  <testcase name="photoChanged_updatesPhotoInRepository" classname="com.example.kursovikkmp.feature.profile.ProfileViewModelTest" time="0.001"/>
  <testcase name="initialState_whenLocationPartsMissing_joinsCorrectly" classname="com.example.kursovikkmp.feature.profile.ProfileViewModelTest" time="0.0"/>
  <testcase name="photoChanged_updatesStateWithNewPhoto" classname="com.example.kursovikkmp.feature.profile.ProfileViewModelTest" time="0.0"/>
  <system-out><![CDATA[]]></system-out>
  <system-err><![CDATA[]]></system-err>
</testsuite>
