<?xml version="1.0" encoding="UTF-8"?>
<testsuite name="com.example.kursovikkmp.feature.auth.pin.PinViewModelTest" tests="39" skipped="0" failures="0" errors="0" timestamp="2026-02-15T06:50:54" hostname="MacBook-Pro-Dmitrij-3.local" time="0.116">
  <properties/>
  <testcase name="stateFlow_onPinChange_emitsUpdatedValidationState" classname="com.example.kursovikkmp.feature.auth.pin.PinViewModelTest" time="0.009"/>
  <testcase name="pinChanged_whenPinIsEmpty_isPinValidIsFalse" classname="com.example.kursovikkmp.feature.auth.pin.PinViewModelTest" time="0.002"/>
  <testcase name="state_afterSuccessfulVerify_isLoadingIsFalse" classname="com.example.kursovikkmp.feature.auth.pin.PinViewModelTest" time="0.005"/>
  <testcase name="pinChanged_whenValidPin_updatesPinFieldState" classname="com.example.kursovikkmp.feature.auth.pin.PinViewModelTest" time="0.001"/>
  <testcase name="state_whenVerifyStarts_buttonBecomesDisabled" classname="com.example.kursovikkmp.feature.auth.pin.PinViewModelTest" time="0.004"/>
  <testcase name="confirmTapped_whenSuccess_navigatesToMain" classname="com.example.kursovikkmp.feature.auth.pin.PinViewModelTest" time="0.008"/>
  <testcase name="confirmTapped_whenFails_doesNotNavigate" classname="com.example.kursovikkmp.feature.auth.pin.PinViewModelTest" time="0.003"/>
  <testcase name="stateFlow_afterVerify_emitsNotLoadingState" classname="com.example.kursovikkmp.feature.auth.pin.PinViewModelTest" time="0.006"/>
  <testcase name="state_afterSuccessfulVerify_errorMessageIsNull" classname="com.example.kursovikkmp.feature.auth.pin.PinViewModelTest" time="0.004"/>
  <testcase name="pinChanged_whenPinExceeds6Digits_truncatesPinTo6Digits" classname="com.example.kursovikkmp.feature.auth.pin.PinViewModelTest" time="0.004"/>
  <testcase name="confirmTapped_whenFails_showsErrorMessage" classname="com.example.kursovikkmp.feature.auth.pin.PinViewModelTest" time="0.008"/>
  <testcase name="pinChanged_whenInvalidPin_confirmButtonIsDisabled" classname="com.example.kursovikkmp.feature.auth.pin.PinViewModelTest" time="0.005"/>
  <testcase name="pinChanged_whenInvalidPin_updatesPinValue" classname="com.example.kursovikkmp.feature.auth.pin.PinViewModelTest" time="0.001"/>
  <testcase name="state_afterFailedVerify_buttonIsEnabled" classname="com.example.kursovikkmp.feature.auth.pin.PinViewModelTest" time="0.002"/>
  <testcase name="pinChanged_afterError_clearsErrorMessage" classname="com.example.kursovikkmp.feature.auth.pin.PinViewModelTest" time="0.006"/>
  <testcase name="pinChanged_whenValidPin_updatesPinValue" classname="com.example.kursovikkmp.feature.auth.pin.PinViewModelTest" time="0.002"/>
  <testcase name="confirmTapped_whenPinIsInvalid_doesNotCallAuthService" classname="com.example.kursovikkmp.feature.auth.pin.PinViewModelTest" time="0.001"/>
  <testcase name="state_whenVerifyStarts_isLoadingBecomesTrue" classname="com.example.kursovikkmp.feature.auth.pin.PinViewModelTest" time="0.003"/>
  <testcase name="pinChanged_whenPinIsEmpty_pinValueIsEmpty" classname="com.example.kursovikkmp.feature.auth.pin.PinViewModelTest" time="0.002"/>
  <testcase name="state_afterFailedVerify_errorMessageIsSet" classname="com.example.kursovikkmp.feature.auth.pin.PinViewModelTest" time="0.001"/>
  <testcase name="pinChanged_whenPinContainsNonDigits_filtersPinFieldStateToDigitsOnly" classname="com.example.kursovikkmp.feature.auth.pin.PinViewModelTest" time="0.003"/>
  <testcase name="navigationFlow_onSuccessfulVerify_emitsNavigateToMain" classname="com.example.kursovikkmp.feature.auth.pin.PinViewModelTest" time="0.003"/>
  <testcase name="pinChanged_whenInvalidPin_isPinValidIsFalse" classname="com.example.kursovikkmp.feature.auth.pin.PinViewModelTest" time="0.001"/>
  <testcase name="pinChanged_whenPinIsEmpty_pinFieldStateIsEmpty" classname="com.example.kursovikkmp.feature.auth.pin.PinViewModelTest" time="0.001"/>
  <testcase name="pinChanged_whenValidPin_isPinValidIsTrue" classname="com.example.kursovikkmp.feature.auth.pin.PinViewModelTest" time="0.001"/>
  <testcase name="pinChanged_whenValidPin_errorMessageIsNull" classname="com.example.kursovikkmp.feature.auth.pin.PinViewModelTest" time="0.001"/>
  <testcase name="state_afterSuccessfulVerify_buttonIsEnabled" classname="com.example.kursovikkmp.feature.auth.pin.PinViewModelTest" time="0.001"/>
  <testcase name="pinChanged_afterError_clearsErrorTextState" classname="com.example.kursovikkmp.feature.auth.pin.PinViewModelTest" time="0.002"/>
  <testcase name="stateFlow_onPinChange_emitsUpdatedPin" classname="com.example.kursovikkmp.feature.auth.pin.PinViewModelTest" time="0.002"/>
  <testcase name="pinChanged_whenPinExceeds6Digits_truncatesPinFieldStateTo6Digits" classname="com.example.kursovikkmp.feature.auth.pin.PinViewModelTest" time="0.003"/>
  <testcase name="pinChanged_whenInvalidPin_updatesPinFieldState" classname="com.example.kursovikkmp.feature.auth.pin.PinViewModelTest" time="0.003"/>
  <testcase name="pinChanged_whenPinContainsNonDigits_filtersPinToDigitsOnly" classname="com.example.kursovikkmp.feature.auth.pin.PinViewModelTest" time="0.001"/>
  <testcase name="state_afterFailedVerify_errorTextStateIsSet" classname="com.example.kursovikkmp.feature.auth.pin.PinViewModelTest" time="0.001"/>
  <testcase name="state_initialState_hasCorrectDefaults" classname="com.example.kursovikkmp.feature.auth.pin.PinViewModelTest" time="0.0"/>
  <testcase name="confirmTapped_whenPinIsValid_callsAuthService" classname="com.example.kursovikkmp.feature.auth.pin.PinViewModelTest" time="0.001"/>
  <testcase name="pinChanged_whenPinIsEmpty_confirmButtonIsDisabled" classname="com.example.kursovikkmp.feature.auth.pin.PinViewModelTest" time="0.003"/>
  <testcase name="pinChanged_whenValidPin_confirmButtonIsEnabled" classname="com.example.kursovikkmp.feature.auth.pin.PinViewModelTest" time="0.003"/>
  <testcase name="state_afterFailedVerify_isLoadingIsFalse" classname="com.example.kursovikkmp.feature.auth.pin.PinViewModelTest" time="0.002"/>
  <testcase name="pinChanged_whenValidPin_errorTextStateIsNull" classname="com.example.kursovikkmp.feature.auth.pin.PinViewModelTest" time="0.001"/>
  <system-out><![CDATA[]]></system-out>
  <system-err><![CDATA[]]></system-err>
</testsuite>
