<?xml version="1.0" encoding="UTF-8"?>
<testsuite name="com.example.kursovikkmp.feature.news.list.NewsListViewModelTest" tests="6" skipped="0" failures="0" errors="0" timestamp="2026-02-15T07:19:31" hostname="MacBook-Pro-Dmitrij-3.local" time="0.025">
  <properties/>
  <testcase name="onSearchQueryChanged_updatesSearchQuery" classname="com.example.kursovikkmp.feature.news.list.NewsListViewModelTest" time="0.004"/>
  <testcase name="onSearchQueryChanged_filtersNewsItems" classname="com.example.kursovikkmp.feature.news.list.NewsListViewModelTest" time="0.004"/>
  <testcase name="onFavoriteClicked_whenAlreadyFavorite_removeFromFavorites" classname="com.example.kursovikkmp.feature.news.list.NewsListViewModelTest" time="0.011"/>
  <testcase name="onSearchQueryChanged_whenEmptyQuery_showsAllNews" classname="com.example.kursovikkmp.feature.news.list.NewsListViewModelTest" time="0.002"/>
  <testcase name="onFavoriteClicked_whenNotFavorite_addToFavorites" classname="com.example.kursovikkmp.feature.news.list.NewsListViewModelTest" time="0.001"/>
  <testcase name="onItemClicked_navigatesToNewsDetails" classname="com.example.kursovikkmp.feature.news.list.NewsListViewModelTest" time="0.002"/>
  <system-out><![CDATA[]]></system-out>
  <system-err><![CDATA[]]></system-err>
</testsuite>
