<?xml version="1.0" encoding="UTF-8"?>
<testsuite name="com.example.kursovikkmp.feature.favorites.list.FavoritesListViewModelTest" tests="1" skipped="0" failures="0" errors="0" timestamp="2026-02-15T07:19:30" hostname="MacBook-Pro-Dmitrij-3.local" time="0.017">
  <properties/>
  <testcase name="onItemClicked_navigatesToFavoritesDetails" classname="com.example.kursovikkmp.feature.favorites.list.FavoritesListViewModelTest" time="0.017"/>
  <system-out><![CDATA[]]></system-out>
  <system-err><![CDATA[]]></system-err>
</testsuite>
