<?xml version="1.0" encoding="UTF-8"?>
<testsuite name="com.example.kursovikkmp.feature.auth.signup.SignUpViewModelTest" tests="42" skipped="0" failures="0" errors="0" timestamp="2026-02-15T07:19:30" hostname="MacBook-Pro-Dmitrij-3.local" time="0.351">
  <properties/>
  <testcase name="formValidation_whenFirstNameTooShort_isFormValidIsFalse" classname="com.example.kursovikkmp.feature.auth.signup.SignUpViewModelTest" time="0.166"/>
  <testcase name="formValidation_whenLastNameTooShort_isFormValidIsFalse" classname="com.example.kursovikkmp.feature.auth.signup.SignUpViewModelTest" time="0.004"/>
  <testcase name="lastNameChanged_updatesLastNameField" classname="com.example.kursovikkmp.feature.auth.signup.SignUpViewModelTest" time="0.002"/>
  <testcase name="lastNameChanged_updatesLastNameValue" classname="com.example.kursovikkmp.feature.auth.signup.SignUpViewModelTest" time="0.003"/>
  <testcase name="state_afterFailedSignUp_errorTextStateIsSet" classname="com.example.kursovikkmp.feature.auth.signup.SignUpViewModelTest" time="0.006"/>
  <testcase name="formValidation_whenFirstNameTooShort_buttonIsDisabled" classname="com.example.kursovikkmp.feature.auth.signup.SignUpViewModelTest" time="0.004"/>
  <testcase name="phoneChanged_truncatesTo15Digits" classname="com.example.kursovikkmp.feature.auth.signup.SignUpViewModelTest" time="0.002"/>
  <testcase name="cityChanged_updatesCityField" classname="com.example.kursovikkmp.feature.auth.signup.SignUpViewModelTest" time="0.002"/>
  <testcase name="cityChanged_updatesCityValue" classname="com.example.kursovikkmp.feature.auth.signup.SignUpViewModelTest" time="0.003"/>
  <testcase name="phoneChanged_updatesPhoneField" classname="com.example.kursovikkmp.feature.auth.signup.SignUpViewModelTest" time="0.001"/>
  <testcase name="phoneChanged_updatesPhoneValue" classname="com.example.kursovikkmp.feature.auth.signup.SignUpViewModelTest" time="0.002"/>
  <testcase name="phoneChanged_filtersNonDigits" classname="com.example.kursovikkmp.feature.auth.signup.SignUpViewModelTest" time="0.001"/>
  <testcase name="createAccountTapped_whenFails_doesNotNavigate" classname="com.example.kursovikkmp.feature.auth.signup.SignUpViewModelTest" time="0.014"/>
  <testcase name="formValidation_whenPhoneEmpty_isFormValidIsFalse" classname="com.example.kursovikkmp.feature.auth.signup.SignUpViewModelTest" time="0.004"/>
  <testcase name="formValidation_whenAllFieldsValid_isFormValidIsTrue" classname="com.example.kursovikkmp.feature.auth.signup.SignUpViewModelTest" time="0.005"/>
  <testcase name="formValidation_whenCountryEmpty_isFormValidIsFalse" classname="com.example.kursovikkmp.feature.auth.signup.SignUpViewModelTest" time="0.004"/>
  <testcase name="state_whenSignUpStarts_buttonBecomesDisabled" classname="com.example.kursovikkmp.feature.auth.signup.SignUpViewModelTest" time="0.017"/>
  <testcase name="formValidation_whenCityEmpty_isFormValidIsFalse" classname="com.example.kursovikkmp.feature.auth.signup.SignUpViewModelTest" time="0.002"/>
  <testcase name="emailChanged_updatesEmailField" classname="com.example.kursovikkmp.feature.auth.signup.SignUpViewModelTest" time="0.002"/>
  <testcase name="state_afterFailedSignUp_errorMessageIsSet" classname="com.example.kursovikkmp.feature.auth.signup.SignUpViewModelTest" time="0.003"/>
  <testcase name="emailChanged_updatesEmailValue" classname="com.example.kursovikkmp.feature.auth.signup.SignUpViewModelTest" time="0.002"/>
  <testcase name="state_afterFailedSignUp_isLoadingIsFalse" classname="com.example.kursovikkmp.feature.auth.signup.SignUpViewModelTest" time="0.008"/>
  <testcase name="createAccountTapped_whenFormValid_callsAuthService" classname="com.example.kursovikkmp.feature.auth.signup.SignUpViewModelTest" time="0.004"/>
  <testcase name="countryChanged_updatesCountryField" classname="com.example.kursovikkmp.feature.auth.signup.SignUpViewModelTest" time="0.004"/>
  <testcase name="countryChanged_updatesCountryValue" classname="com.example.kursovikkmp.feature.auth.signup.SignUpViewModelTest" time="0.001"/>
  <testcase name="createAccountTapped_whenSuccess_navigatesToPin" classname="com.example.kursovikkmp.feature.auth.signup.SignUpViewModelTest" time="0.006"/>
  <testcase name="state_afterSuccessfulSignUp_isLoadingIsFalse" classname="com.example.kursovikkmp.feature.auth.signup.SignUpViewModelTest" time="0.002"/>
  <testcase name="genderChanged_updatesGenderField" classname="com.example.kursovikkmp.feature.auth.signup.SignUpViewModelTest" time="0.001"/>
  <testcase name="genderChanged_updatesGenderValue" classname="com.example.kursovikkmp.feature.auth.signup.SignUpViewModelTest" time="0.002"/>
  <testcase name="formValidation_whenEmailEmpty_isFormValidIsFalse" classname="com.example.kursovikkmp.feature.auth.signup.SignUpViewModelTest" time="0.002"/>
  <testcase name="formValidation_whenGenderEmpty_isFormValidIsFalse" classname="com.example.kursovikkmp.feature.auth.signup.SignUpViewModelTest" time="0.004"/>
  <testcase name="formValidation_whenAllFieldsValid_buttonIsEnabled" classname="com.example.kursovikkmp.feature.auth.signup.SignUpViewModelTest" time="0.002"/>
  <testcase name="firstNameChanged_clearsErrorMessage" classname="com.example.kursovikkmp.feature.auth.signup.SignUpViewModelTest" time="0.007"/>
  <testcase name="createAccountTapped_whenFormInvalid_doesNotCallAuthService" classname="com.example.kursovikkmp.feature.auth.signup.SignUpViewModelTest" time="0.003"/>
  <testcase name="state_initialState_hasCorrectDefaults" classname="com.example.kursovikkmp.feature.auth.signup.SignUpViewModelTest" time="0.0"/>
  <testcase name="birthDateChanged_updatesBirthDateField" classname="com.example.kursovikkmp.feature.auth.signup.SignUpViewModelTest" time="0.006"/>
  <testcase name="birthDateChanged_updatesBirthDateValue" classname="com.example.kursovikkmp.feature.auth.signup.SignUpViewModelTest" time="0.003"/>
  <testcase name="createAccountTapped_whenFails_showsErrorMessage" classname="com.example.kursovikkmp.feature.auth.signup.SignUpViewModelTest" time="0.008"/>
  <testcase name="firstNameChanged_updatesFirstNameField" classname="com.example.kursovikkmp.feature.auth.signup.SignUpViewModelTest" time="0.004"/>
  <testcase name="firstNameChanged_updatesFirstNameValue" classname="com.example.kursovikkmp.feature.auth.signup.SignUpViewModelTest" time="0.003"/>
  <testcase name="backButtonTapped_navigatesBack" classname="com.example.kursovikkmp.feature.auth.signup.SignUpViewModelTest" time="0.006"/>
  <testcase name="state_whenSignUpStarts_isLoadingBecomesTrue" classname="com.example.kursovikkmp.feature.auth.signup.SignUpViewModelTest" time="0.015"/>
  <system-out><![CDATA[]]></system-out>
  <system-err><![CDATA[]]></system-err>
</testsuite>
