<?xml version="1.0" encoding="UTF-8"?>
<testsuite name="com.example.kursovikkmp.feature.recipes.details.RecipesDetailsViewModelTest" tests="1" skipped="0" failures="0" errors="0" timestamp="2026-02-15T07:19:31" hostname="MacBook-Pro-Dmitrij-3.local" time="0.004">
  <properties/>
  <testcase name="onRetryClicked_loadsRecipeDetails" classname="com.example.kursovikkmp.feature.recipes.details.RecipesDetailsViewModelTest" time="0.004"/>
  <system-out><![CDATA[]]></system-out>
  <system-err><![CDATA[]]></system-err>
</testsuite>
