<?xml version="1.0" encoding="UTF-8"?>
<testsuite name="com.example.kursovikkmp.feature.home.HomeViewModelTest" tests="5" skipped="0" failures="0" errors="0" timestamp="2026-02-15T07:19:31" hostname="MacBook-Pro-Dmitrij-3.local" time="0.06">
  <properties/>
  <testcase name="initialState_containsFridgeTab" classname="com.example.kursovikkmp.feature.home.HomeViewModelTest" time="0.042"/>
  <testcase name="initialState_hasTabsList" classname="com.example.kursovikkmp.feature.home.HomeViewModelTest" time="0.012"/>
  <testcase name="initialState_containsRecipesTab" classname="com.example.kursovikkmp.feature.home.HomeViewModelTest" time="0.0"/>
  <testcase name="initialState_containsNewsTab" classname="com.example.kursovikkmp.feature.home.HomeViewModelTest" time="0.001"/>
  <testcase name="initialState_containsFavoriteTab" classname="com.example.kursovikkmp.feature.home.HomeViewModelTest" time="0.001"/>
  <system-out><![CDATA[]]></system-out>
  <system-err><![CDATA[]]></system-err>
</testsuite>
